<?xml version="1.0" encoding="UTF-8"?>
<!-- Generated by org.testng.reporters.JUnitReportReporter -->
<testsuite hostname="DESKTOP-FGTOVGJ" failures="0" tests="2" name="com.sportyshoe.restAssuredScripts.PostandPutnewshoe" time="1.425" errors="0" timestamp="2024-01-25T22:22:52 IST" skipped="0">
  <testcase classname="com.sportyshoe.restAssuredScripts.PostandPutnewshoe" name="add_new_product" time="1.381"/>
  <testcase classname="com.sportyshoe.restAssuredScripts.PostandPutnewshoe" name="update_a_product" time="0.044"/>
</testsuite> <!-- com.sportyshoe.restAssuredScripts.PostandPutnewshoe -->
