<?xml version="1.0" encoding="UTF-8"?>
<!-- Generated by org.testng.reporters.JUnitReportReporter -->
<testsuite hostname="DESKTOP-FGTOVGJ" failures="0" tests="1" name="com.sportyshoe.restAssuredScripts.Deleteshoe" time="3.494" errors="0" timestamp="2024-01-26T10:02:42 IST" skipped="0">
  <testcase classname="com.sportyshoe.restAssuredScripts.Deleteshoe" name="delete_product" time="3.494"/>
</testsuite> <!-- com.sportyshoe.restAssuredScripts.Deleteshoe -->
