<?xml version="1.0" encoding="UTF-8"?>
<!-- Generated by org.testng.reporters.JUnitReportReporter -->
<testsuite hostname="DESKTOP-FGTOVGJ" failures="0" tests="2" name="com.sportyshoe.restAssuredScripts.GetallShoes" time="1.440" errors="0" timestamp="2024-01-25T22:20:41 IST" skipped="0">
  <testcase classname="com.sportyshoe.restAssuredScripts.GetallShoes" name="get_all_shoes" time="1.411"/>
  <testcase classname="com.sportyshoe.restAssuredScripts.GetallShoes" name="get_all_users" time="0.029"/>
</testsuite> <!-- com.sportyshoe.restAssuredScripts.GetallShoes -->
